0 info it worked if it ends with ok
1 verbose cli [ '/usr/local/bin/node', '/usr/local/bin/npm', 'run', 'webpack' ]
2 info using npm@3.10.10
3 info using node@v6.10.3
4 verbose run-script [ 'prewebpack', 'webpack', 'postwebpack' ]
5 info lifecycle app-poshfind@0.0.1~prewebpack: app-poshfind@0.0.1
6 silly lifecycle app-poshfind@0.0.1~prewebpack: no script for prewebpack, continuing
7 info lifecycle app-poshfind@0.0.1~webpack: app-poshfind@0.0.1
8 verbose lifecycle app-poshfind@0.0.1~webpack: unsafe-perm in lifecycle true
9 verbose lifecycle app-poshfind@0.0.1~webpack: PATH: /usr/local/lib/node_modules/npm/bin/node-gyp-bin:/Users/sampath/Documents/personal/pics/o/s/app-poshfind/node_modules/.bin:/Users/sampath/.npm-packages/bin:/Library/Frameworks/Python.framework/Versions/3.6/bin:/usr/local/bin:/usr/bin:/bin:/usr/sbin:/sbin:/Users/sampath/Downloads/apache-maven-3.3.9/bin:/Users/sampath/Library/Python/2.7/bin
10 verbose lifecycle app-poshfind@0.0.1~webpack: CWD: /Users/sampath/Documents/personal/pics/o/s/app-poshfind
11 silly lifecycle app-poshfind@0.0.1~webpack: Args: [ '-c', 'webpack' ]
12 silly lifecycle app-poshfind@0.0.1~webpack: Returned: code: 1  signal: null
13 info lifecycle app-poshfind@0.0.1~webpack: Failed to exec webpack script
14 verbose stack Error: app-poshfind@0.0.1 webpack: `webpack`
14 verbose stack Exit status 1
14 verbose stack     at EventEmitter.<anonymous> (/usr/local/lib/node_modules/npm/lib/utils/lifecycle.js:255:16)
14 verbose stack     at emitTwo (events.js:106:13)
14 verbose stack     at EventEmitter.emit (events.js:191:7)
14 verbose stack     at ChildProcess.<anonymous> (/usr/local/lib/node_modules/npm/lib/utils/spawn.js:40:14)
14 verbose stack     at emitTwo (events.js:106:13)
14 verbose stack     at ChildProcess.emit (events.js:191:7)
14 verbose stack     at maybeClose (internal/child_process.js:886:16)
14 verbose stack     at Process.ChildProcess._handle.onexit (internal/child_process.js:226:5)
15 verbose pkgid app-poshfind@0.0.1
16 verbose cwd /Users/sampath/Documents/personal/pics/o/s/app-poshfind
17 error Darwin 15.2.0
18 error argv "/usr/local/bin/node" "/usr/local/bin/npm" "run" "webpack"
19 error node v6.10.3
20 error npm  v3.10.10
21 error code ELIFECYCLE
22 error app-poshfind@0.0.1 webpack: `webpack`
22 error Exit status 1
23 error Failed at the app-poshfind@0.0.1 webpack script 'webpack'.
23 error Make sure you have the latest version of node.js and npm installed.
23 error If you do, this is most likely a problem with the app-poshfind package,
23 error not with npm itself.
23 error Tell the author that this fails on your system:
23 error     webpack
23 error You can get information on how to open an issue for this project with:
23 error     npm bugs app-poshfind
23 error Or if that isn't available, you can get their info via:
23 error     npm owner ls app-poshfind
23 error There is likely additional logging output above.
24 verbose exit [ 1, true ]
